* using log directory ‘/Users/Avery/Desktop/I3D/ABIE/abie.Rcheck’
* using R version 3.2.3 (2015-12-10)
* using platform: x86_64-apple-darwin13.4.0 (64-bit)
* using session charset: UTF-8
* using options ‘--run-donttest --as-cran’
* checking for file ‘abie/DESCRIPTION’ ... OK
* checking extension type ... Package
* this is package ‘abie’ version ‘0.0.1’
* checking package namespace information ... OK
* checking package dependencies ... OK
* checking if this is a source package ... OK
* checking if there is a namespace ... OK
* checking for executable files ... OK
* checking for hidden files and directories ... OK
* checking for portable file names ... OK
* checking for sufficient/correct file permissions ... OK
* checking whether package ‘abie’ can be installed ... OK
* checking installed package size ... OK
* checking package directory ... OK
* checking ‘build’ directory ... OK
* checking DESCRIPTION meta-information ... OK
* checking top-level files ... OK
* checking for left-over files ... OK
* checking index information ... OK
* checking package subdirectories ... OK
* checking R files for non-ASCII characters ... OK
* checking R files for syntax errors ... OK
* checking whether the package can be loaded ... OK
* checking whether the package can be loaded with stated dependencies ... OK
* checking whether the package can be unloaded cleanly ... OK
* checking whether the namespace can be loaded with stated dependencies ... OK
* checking whether the namespace can be unloaded cleanly ... OK
* checking dependencies in R code ... OK
* checking S3 generic/method consistency ... OK
* checking replacement functions ... OK
* checking foreign function calls ... OK
* checking R code for possible problems ... NOTE
fit_binomial_model: no visible binding for global variable
  ‘tolerance_glm2’
fit_binomial_model: no visible binding for global variable ‘maxit_glm2’
frr_binomial: no visible binding for global variable ‘time_since_eddi’
frr_binomial: no visible binding for global variable ‘sid’
integrate_for_mdri: no visible binding for global variable
  ‘tolerance_integral’
integrate_for_mdri: no visible binding for global variable
  ‘maxit_integral’
mdri_ml_binomial: no visible global function definition for ‘%dopar%’
mdri_ml_binomial: no visible binding for global variable ‘sid’
plot_probability: no visible binding for global variable
  ‘time_since_eddi’
plot_probability: no visible binding for global variable ‘probability’
* checking Rd files ... OK
* checking Rd metadata ... OK
* checking Rd line widths ... OK
* checking Rd cross-references ... OK
* checking for missing documentation entries ... OK
* checking for code/documentation mismatches ... OK
* checking Rd \usage sections ... OK
* checking Rd contents ... OK
* checking for unstated dependencies in examples ... WARNING
Warning: parse error in file 'abie-Ex.R':
116:4: unexpected symbol
115: 
116: In this
        ^
* checking installed files from ‘inst/doc’ ... OK
* checking files in ‘vignettes’ ... OK
* checking examples ... ERROR
Running examples in ‘abie-Ex.R’ failed
The error most likely occurred in:

> base::assign(".ptime", proc.time(), pos = "CheckExEnv")
> ### Name: mdri_ml_binomial
> ### Title: Estimate MDRI (point estimate and confidence interval) using
> ###   binomial regression and a maximum likelihood approach
> ### Aliases: mdri_ml_binomial
> 
> ### ** Examples
> 
> mdri_ml_binomial(data=data, subid_var='PT_ID', time_var='DaysSinceEDDI',
+  functional_forms=c('loglog_linear','logit_cubic'), recency_rule='independent_thresholds',
+  recency_vars=c('ODn','VL'), recency_params=c(1.5,0,400,1), n_bootstraps = 10000, alpha=0.05,
+  plot=TRUE, parallel=FALSE)
Error in mdri_ml_binomial(data = data, subid_var = "PT_ID", time_var = "DaysSinceEDDI",  : 
  Specified data is not a dataframe or does not exist
Execution halted
* checking for unstated dependencies in vignettes ... OK
* checking package vignettes in ‘inst/doc’ ... OK
* checking running R code from vignettes ... OK
* checking re-building of vignette outputs ... OK
* checking PDF version of manual ... OK
* DONE
Status: 1 ERROR, 1 WARNING, 1 NOTE
