* installing *source* package ‘abie’ ...
** R
** inst
** preparing package for lazy loading
List of 5
 $ Inc.Difference.Statistics   :'data.frame':	1 obs. of  7 variables:
  ..$ deltaI_Est      : num 0.02
  ..$ RSE_deltaI      : num 0.33
  ..$ RSE_deltaI.infSS: num 0.052
  ..$ Power           : num 0.858
  ..$ Power.infSS     : Factor w/ 1 level ">0.99": 1
  ..$ CI.low          : num 0.0071
  ..$ CI.up           : num 0.0329
 $ Implied.Incidence.Statistics:'data.frame':	2 obs. of  5 variables:
  ..$ Survey : num [1:2] 1 2
  ..$ Given.I: num [1:2] 0.05 0.03
  ..$ RSE_I  : num [1:2] 0.115 0.147
  ..$ CI.low : num [1:2] 0.039 0.021
  ..$ CI.up  : num [1:2] 0.061 0.039
 $ Implied.MDRI.Statistics     :'data.frame':	1 obs. of  3 variables:
  ..$ Given.MDRI: num 200
  ..$ CI.low    : num 180
  ..$ CI.up     : num 220
 $ Implied.FRR.Statistics      :'data.frame':	1 obs. of  3 variables:
  ..$ Given.FRR: num 0.01
  ..$ CI.low   : num 0.006
  ..$ CI.up    : num 0.014
 $ Implied.Subject.Counts      :'data.frame':	4 obs. of  2 variables:
  ..$ Survey.1: num [1:4] 4000 1000 1000 116
  ..$ Survey.2: num [1:4] 4000 1000 1000 73
** help
*** installing help indices
** building package indices
** installing vignettes
** testing if installed package can be loaded
* DONE (abie)
